<?xml version="1.0" encoding="UTF-8"?>
<testng-results ignored="0" total="1" passed="1" failed="0" skipped="0">
  <reporter-output>
  </reporter-output>
  <suite started-at="2019-06-18T08:37:03Z" name="Default suite" finished-at="2019-06-18T08:37:20Z" duration-ms="16600">
    <groups>
    </groups>
    <test started-at="2019-06-18T08:37:03Z" name="Default test" finished-at="2019-06-18T08:37:20Z" duration-ms="16600">
      <class name="demoTest.CheckLenght">
        <test-method is-config="true" signature="prepare()[pri:0, instance:demoTest.CheckLenght@131774fe]" started-at="2019-06-18T08:37:03Z" name="prepare" finished-at="2019-06-18T08:37:11Z" duration-ms="7168" status="PASS">
          <reporter-output>
          </reporter-output>
        </test-method> <!-- prepare -->
        <test-method signature="checkSearchMaxLenght()[pri:0, instance:demoTest.CheckLenght@131774fe]" started-at="2019-06-18T08:37:11Z" name="checkSearchMaxLenght" finished-at="2019-06-18T08:37:18Z" duration-ms="7226" status="PASS">
          <reporter-output>
          </reporter-output>
        </test-method> <!-- checkSearchMaxLenght -->
        <test-method is-config="true" signature="done()[pri:0, instance:demoTest.CheckLenght@131774fe]" started-at="2019-06-18T08:37:18Z" name="done" finished-at="2019-06-18T08:37:20Z" duration-ms="2163" status="PASS">
          <reporter-output>
          </reporter-output>
        </test-method> <!-- done -->
      </class> <!-- demoTest.CheckLenght -->
    </test> <!-- Default test -->
  </suite> <!-- Default suite -->
</testng-results>
