<?xml version="1.0" encoding="UTF-8"?>
<testng-results ignored="0" total="3" passed="3" failed="0" skipped="0">
  <reporter-output>
  </reporter-output>
  <suite started-at="2019-06-18T08:11:22Z" name="Suite1" finished-at="2019-06-18T08:12:11Z" duration-ms="49061">
    <groups>
    </groups>
    <test started-at="2019-06-18T08:11:22Z" name="Test" finished-at="2019-06-18T08:11:44Z" duration-ms="22452">
      <class name="demoTest.CheckList">
        <test-method is-config="true" signature="prepare()[pri:0, instance:demoTest.CheckList@77847718]" started-at="2019-06-18T08:11:22Z" name="prepare" finished-at="2019-06-18T08:11:30Z" duration-ms="8688" status="PASS">
          <reporter-output>
          </reporter-output>
        </test-method> <!-- prepare -->
        <test-method signature="checkSortedElements()[pri:0, instance:demoTest.CheckList@77847718]" started-at="2019-06-18T08:11:30Z" name="checkSortedElements" finished-at="2019-06-18T08:11:43Z" duration-ms="12397" status="PASS">
          <reporter-output>
          </reporter-output>
        </test-method> <!-- checkSortedElements -->
        <test-method is-config="true" signature="done()[pri:0, instance:demoTest.CheckList@77847718]" started-at="2019-06-18T08:11:43Z" name="done" finished-at="2019-06-18T08:11:44Z" duration-ms="1298" status="PASS">
          <reporter-output>
          </reporter-output>
        </test-method> <!-- done -->
      </class> <!-- demoTest.CheckList -->
    </test> <!-- Test -->
    <test started-at="2019-06-18T08:11:44Z" name="Test2" finished-at="2019-06-18T08:11:57Z" duration-ms="12913">
      <class name="demoTest.CheckLenght">
        <test-method is-config="true" signature="prepare()[pri:0, instance:demoTest.CheckLenght@3023df74]" started-at="2019-06-18T08:11:44Z" name="prepare" finished-at="2019-06-18T08:11:50Z" duration-ms="6360" status="PASS">
          <reporter-output>
          </reporter-output>
        </test-method> <!-- prepare -->
        <test-method signature="checkSearchMaxLenght()[pri:0, instance:demoTest.CheckLenght@3023df74]" started-at="2019-06-18T08:11:50Z" name="checkSearchMaxLenght" finished-at="2019-06-18T08:11:57Z" duration-ms="6314" status="PASS">
          <reporter-output>
          </reporter-output>
        </test-method> <!-- checkSearchMaxLenght -->
        <test-method is-config="true" signature="done()[pri:0, instance:demoTest.CheckLenght@3023df74]" started-at="2019-06-18T08:11:57Z" name="done" finished-at="2019-06-18T08:11:57Z" duration-ms="231" status="PASS">
          <reporter-output>
          </reporter-output>
        </test-method> <!-- done -->
      </class> <!-- demoTest.CheckLenght -->
    </test> <!-- Test2 -->
    <test started-at="2019-06-18T08:11:57Z" name="Test3" finished-at="2019-06-18T08:12:11Z" duration-ms="13604">
      <class name="demoTest.CheckFilter">
        <test-method is-config="true" signature="prepare()[pri:0, instance:demoTest.CheckFilter@5c6648b0]" started-at="2019-06-18T08:11:57Z" name="prepare" finished-at="2019-06-18T08:12:03Z" duration-ms="6262" status="PASS">
          <reporter-output>
          </reporter-output>
        </test-method> <!-- prepare -->
        <test-method signature="checkFilteredElements()[pri:0, instance:demoTest.CheckFilter@5c6648b0]" started-at="2019-06-18T08:12:03Z" name="checkFilteredElements" finished-at="2019-06-18T08:12:11Z" duration-ms="7329" status="PASS">
          <reporter-output>
          </reporter-output>
        </test-method> <!-- checkFilteredElements -->
      </class> <!-- demoTest.CheckFilter -->
    </test> <!-- Test3 -->
  </suite> <!-- Suite1 -->
</testng-results>
